<?xml version="1.0" encoding="UTF-8"?>
<testsuite xmlns:xsi="http://www.w3.org/2001/XMLSchema-instance" xsi:noNamespaceSchemaLocation="https://maven.apache.org/surefire/maven-surefire-plugin/xsd/surefire-test-report-3.0.xsd" version="3.0" name="com.example.LoveMatch.LoveMatchApplicationTests" time="2.414" tests="1" errors="0" skipped="0" failures="0">
  <properties>
[...]
</properties>
  <testcase name="contextLoads" classname="com.example.LoveMatch.LoveMatchApplicationTests" time="0.77">
    <system-out><![CDATA[10:42:49.383 [main] INFO org.springframework.test.context.support.AnnotationConfigContextLoaderUtils -- Could not detect default configuration classes for test class [com.example.LoveMatch.LoveMatchApplicationTests]: LoveMatchApplicationTests does not declare any static, non-private, non-final, nested classes annotated with @Configuration.
10:42:49.490 [main] INFO org.springframework.boot.test.context.SpringBootTestContextBootstrapper -- Found @SpringBootConfiguration com.example.LoveMatch.LoveMatchApplication for test class com.example.LoveMatch.LoveMatchApplicationTests

  .   ____          _            __ _ _
 /\\ / ___'_ __ _ _(_)_ __  __ _ \ \ \ \
( ( )\___ | '_ | '_| | '_ \/ _` | \ \ \ \
 \\/  ___)| |_)| | | | | || (_| |  ) ) ) )
  '  |____| .__|_| |_|_| |_\__, | / / / /
 =========|_|==============|___/=/_/_/_/
 :: Spring Boot ::                (v3.1.4)

2023-10-12T10:42:49.880+01:00  INFO 12568 --- [           main] c.e.LoveMatch.LoveMatchApplicationTests  : Starting LoveMatchApplicationTests using Java 17.0.8 with PID 12568 (started by Admin in C:\Users\Admin\Documents\Projects\QAProject\LoveMatch\LoveMatch)
2023-10-12T10:42:49.881+01:00  INFO 12568 --- [           main] c.e.LoveMatch.LoveMatchApplicationTests  : No active profile set, falling back to 1 default profile: "default"
Hello world
2023-10-12T10:42:50.818+01:00  WARN 12568 --- [           main] ion$DefaultTemplateResolverConfiguration : Cannot find template location: classpath:/templates/ (please add some templates, check your Thymeleaf configuration, or set spring.thymeleaf.check-template-location=false)
2023-10-12T10:42:50.859+01:00  INFO 12568 --- [           main] c.e.LoveMatch.LoveMatchApplicationTests  : Started LoveMatchApplicationTests in 1.195 seconds (process running for 2.105)
]]></system-out>
  </testcase>
</testsuite>